  ay7aga.cpp
C:\Users\Access\Desktop\amr\ay7aga\ay7aga.cpp(71,44): warning C4244: 'argument': conversion from 'double' to 'unsigned int', possible loss of data
C:\Users\Access\Desktop\amr\ay7aga\ay7aga.cpp(71,32): warning C4244: 'argument': conversion from 'double' to 'unsigned int', possible loss of data
C:\Users\Access\Desktop\amr\ay7aga\ay7aga.cpp(85,42): warning C4244: 'argument': conversion from 'double' to 'T', possible loss of data
C:\Users\Access\Desktop\amr\ay7aga\ay7aga.cpp(85,42): warning C4244:         with
C:\Users\Access\Desktop\amr\ay7aga\ay7aga.cpp(85,42): warning C4244:         [
C:\Users\Access\Desktop\amr\ay7aga\ay7aga.cpp(85,42): warning C4244:             T=float
C:\Users\Access\Desktop\amr\ay7aga\ay7aga.cpp(85,42): warning C4244:         ]
C:\Users\Access\Desktop\amr\ay7aga\ay7aga.cpp(85,32): warning C4244: 'argument': conversion from 'double' to 'T', possible loss of data
C:\Users\Access\Desktop\amr\ay7aga\ay7aga.cpp(85,32): warning C4244:         with
C:\Users\Access\Desktop\amr\ay7aga\ay7aga.cpp(85,32): warning C4244:         [
C:\Users\Access\Desktop\amr\ay7aga\ay7aga.cpp(85,32): warning C4244:             T=float
C:\Users\Access\Desktop\amr\ay7aga\ay7aga.cpp(85,32): warning C4244:         ]
C:\Users\Access\Desktop\amr\ay7aga\ay7aga.cpp(91,51): warning C4244: 'argument': conversion from 'double' to 'T', possible loss of data
C:\Users\Access\Desktop\amr\ay7aga\ay7aga.cpp(91,51): warning C4244:         with
C:\Users\Access\Desktop\amr\ay7aga\ay7aga.cpp(91,51): warning C4244:         [
C:\Users\Access\Desktop\amr\ay7aga\ay7aga.cpp(91,51): warning C4244:             T=float
C:\Users\Access\Desktop\amr\ay7aga\ay7aga.cpp(91,51): warning C4244:         ]
C:\Users\Access\Desktop\amr\ay7aga\ay7aga.cpp(91,32): warning C4244: 'argument': conversion from 'double' to 'T', possible loss of data
C:\Users\Access\Desktop\amr\ay7aga\ay7aga.cpp(91,32): warning C4244:         with
C:\Users\Access\Desktop\amr\ay7aga\ay7aga.cpp(91,32): warning C4244:         [
C:\Users\Access\Desktop\amr\ay7aga\ay7aga.cpp(91,32): warning C4244:             T=float
C:\Users\Access\Desktop\amr\ay7aga\ay7aga.cpp(91,32): warning C4244:         ]
C:\Users\Access\Desktop\amr\ay7aga\ay7aga.cpp(96,51): warning C4244: 'argument': conversion from 'double' to 'T', possible loss of data
C:\Users\Access\Desktop\amr\ay7aga\ay7aga.cpp(96,51): warning C4244:         with
C:\Users\Access\Desktop\amr\ay7aga\ay7aga.cpp(96,51): warning C4244:         [
C:\Users\Access\Desktop\amr\ay7aga\ay7aga.cpp(96,51): warning C4244:             T=float
C:\Users\Access\Desktop\amr\ay7aga\ay7aga.cpp(96,51): warning C4244:         ]
C:\Users\Access\Desktop\amr\ay7aga\ay7aga.cpp(96,32): warning C4244: 'argument': conversion from 'double' to 'T', possible loss of data
C:\Users\Access\Desktop\amr\ay7aga\ay7aga.cpp(96,32): warning C4244:         with
C:\Users\Access\Desktop\amr\ay7aga\ay7aga.cpp(96,32): warning C4244:         [
C:\Users\Access\Desktop\amr\ay7aga\ay7aga.cpp(96,32): warning C4244:             T=float
C:\Users\Access\Desktop\amr\ay7aga\ay7aga.cpp(96,32): warning C4244:         ]
C:\Users\Access\Desktop\amr\ay7aga\ay7aga.cpp(114,43): warning C4244: 'argument': conversion from 'double' to 'T', possible loss of data
C:\Users\Access\Desktop\amr\ay7aga\ay7aga.cpp(114,43): warning C4244:         with
C:\Users\Access\Desktop\amr\ay7aga\ay7aga.cpp(114,43): warning C4244:         [
C:\Users\Access\Desktop\amr\ay7aga\ay7aga.cpp(114,43): warning C4244:             T=float
C:\Users\Access\Desktop\amr\ay7aga\ay7aga.cpp(114,43): warning C4244:         ]
C:\Users\Access\Desktop\amr\ay7aga\ay7aga.cpp(122,54): warning C4244: 'argument': conversion from 'double' to 'float', possible loss of data
C:\Users\Access\Desktop\amr\ay7aga\ay7aga.cpp(122,31): warning C4244: 'argument': conversion from 'double' to 'float', possible loss of data
C:\Users\Access\Desktop\amr\ay7aga\ay7aga.cpp(128,54): warning C4244: 'argument': conversion from 'double' to 'float', possible loss of data
C:\Users\Access\Desktop\amr\ay7aga\ay7aga.cpp(128,35): warning C4244: 'argument': conversion from 'double' to 'float', possible loss of data
C:\Users\Access\Desktop\amr\ay7aga\ay7aga.cpp(199,29): warning C4305: 'argument': truncation from 'int' to 'sf::Uint8'
C:\Users\Access\Desktop\amr\ay7aga\ay7aga.cpp(199,29): warning C4309: 'argument': truncation of constant value
C:\Users\Access\Desktop\amr\ay7aga\ay7aga.cpp(449,40): warning C4244: 'argument': conversion from 'double' to 'T', possible loss of data
C:\Users\Access\Desktop\amr\ay7aga\ay7aga.cpp(449,40): warning C4244:         with
C:\Users\Access\Desktop\amr\ay7aga\ay7aga.cpp(449,40): warning C4244:         [
C:\Users\Access\Desktop\amr\ay7aga\ay7aga.cpp(449,40): warning C4244:             T=int
C:\Users\Access\Desktop\amr\ay7aga\ay7aga.cpp(449,40): warning C4244:         ]
C:\Users\Access\Desktop\amr\ay7aga\ay7aga.cpp(459,37): warning C4244: 'argument': conversion from 'int' to 'float', possible loss of data
C:\Users\Access\Desktop\amr\ay7aga\ay7aga.cpp(459,31): warning C4244: 'argument': conversion from 'int' to 'float', possible loss of data
C:\Users\Access\Desktop\amr\ay7aga\ay7aga.cpp(549,40): warning C4244: 'argument': conversion from 'double' to 'T', possible loss of data
C:\Users\Access\Desktop\amr\ay7aga\ay7aga.cpp(549,40): warning C4244:         with
C:\Users\Access\Desktop\amr\ay7aga\ay7aga.cpp(549,40): warning C4244:         [
C:\Users\Access\Desktop\amr\ay7aga\ay7aga.cpp(549,40): warning C4244:             T=int
C:\Users\Access\Desktop\amr\ay7aga\ay7aga.cpp(549,40): warning C4244:         ]
C:\Users\Access\Desktop\amr\ay7aga\ay7aga.cpp(592,46): warning C4244: 'argument': conversion from 'double' to 'T', possible loss of data
C:\Users\Access\Desktop\amr\ay7aga\ay7aga.cpp(592,46): warning C4244:         with
C:\Users\Access\Desktop\amr\ay7aga\ay7aga.cpp(592,46): warning C4244:         [
C:\Users\Access\Desktop\amr\ay7aga\ay7aga.cpp(592,46): warning C4244:             T=int
C:\Users\Access\Desktop\amr\ay7aga\ay7aga.cpp(592,46): warning C4244:         ]
C:\Users\Access\Desktop\amr\ay7aga\ay7aga.cpp(602,50): warning C4244: 'argument': conversion from 'double' to 'T', possible loss of data
C:\Users\Access\Desktop\amr\ay7aga\ay7aga.cpp(602,50): warning C4244:         with
C:\Users\Access\Desktop\amr\ay7aga\ay7aga.cpp(602,50): warning C4244:         [
C:\Users\Access\Desktop\amr\ay7aga\ay7aga.cpp(602,50): warning C4244:             T=int
C:\Users\Access\Desktop\amr\ay7aga\ay7aga.cpp(602,50): warning C4244:         ]
C:\Users\Access\Desktop\amr\ay7aga\ay7aga.cpp(602,38): warning C4244: 'argument': conversion from 'double' to 'T', possible loss of data
C:\Users\Access\Desktop\amr\ay7aga\ay7aga.cpp(602,38): warning C4244:         with
C:\Users\Access\Desktop\amr\ay7aga\ay7aga.cpp(602,38): warning C4244:         [
C:\Users\Access\Desktop\amr\ay7aga\ay7aga.cpp(602,38): warning C4244:             T=int
C:\Users\Access\Desktop\amr\ay7aga\ay7aga.cpp(602,38): warning C4244:         ]
C:\Users\Access\Desktop\amr\ay7aga\ay7aga.cpp(607,56): warning C4244: 'argument': conversion from 'double' to 'T', possible loss of data
C:\Users\Access\Desktop\amr\ay7aga\ay7aga.cpp(607,56): warning C4244:         with
C:\Users\Access\Desktop\amr\ay7aga\ay7aga.cpp(607,56): warning C4244:         [
C:\Users\Access\Desktop\amr\ay7aga\ay7aga.cpp(607,56): warning C4244:             T=int
C:\Users\Access\Desktop\amr\ay7aga\ay7aga.cpp(607,56): warning C4244:         ]
C:\Users\Access\Desktop\amr\ay7aga\ay7aga.cpp(607,39): warning C4244: 'argument': conversion from 'double' to 'T', possible loss of data
C:\Users\Access\Desktop\amr\ay7aga\ay7aga.cpp(607,39): warning C4244:         with
C:\Users\Access\Desktop\amr\ay7aga\ay7aga.cpp(607,39): warning C4244:         [
C:\Users\Access\Desktop\amr\ay7aga\ay7aga.cpp(607,39): warning C4244:             T=int
C:\Users\Access\Desktop\amr\ay7aga\ay7aga.cpp(607,39): warning C4244:         ]
C:\Users\Access\Desktop\amr\ay7aga\ay7aga.cpp(617,58): warning C4244: 'argument': conversion from 'double' to 'T', possible loss of data
C:\Users\Access\Desktop\amr\ay7aga\ay7aga.cpp(617,58): warning C4244:         with
C:\Users\Access\Desktop\amr\ay7aga\ay7aga.cpp(617,58): warning C4244:         [
C:\Users\Access\Desktop\amr\ay7aga\ay7aga.cpp(617,58): warning C4244:             T=int
C:\Users\Access\Desktop\amr\ay7aga\ay7aga.cpp(617,58): warning C4244:         ]
C:\Users\Access\Desktop\amr\ay7aga\ay7aga.cpp(617,47): warning C4244: 'argument': conversion from 'double' to 'T', possible loss of data
C:\Users\Access\Desktop\amr\ay7aga\ay7aga.cpp(617,47): warning C4244:         with
C:\Users\Access\Desktop\amr\ay7aga\ay7aga.cpp(617,47): warning C4244:         [
C:\Users\Access\Desktop\amr\ay7aga\ay7aga.cpp(617,47): warning C4244:             T=int
C:\Users\Access\Desktop\amr\ay7aga\ay7aga.cpp(617,47): warning C4244:         ]
C:\Users\Access\Desktop\amr\ay7aga\ay7aga.cpp(622,62): warning C4244: 'argument': conversion from 'double' to 'T', possible loss of data
C:\Users\Access\Desktop\amr\ay7aga\ay7aga.cpp(622,62): warning C4244:         with
C:\Users\Access\Desktop\amr\ay7aga\ay7aga.cpp(622,62): warning C4244:         [
C:\Users\Access\Desktop\amr\ay7aga\ay7aga.cpp(622,62): warning C4244:             T=int
C:\Users\Access\Desktop\amr\ay7aga\ay7aga.cpp(622,62): warning C4244:         ]
C:\Users\Access\Desktop\amr\ay7aga\ay7aga.cpp(622,47): warning C4244: 'argument': conversion from 'double' to 'T', possible loss of data
C:\Users\Access\Desktop\amr\ay7aga\ay7aga.cpp(622,47): warning C4244:         with
C:\Users\Access\Desktop\amr\ay7aga\ay7aga.cpp(622,47): warning C4244:         [
C:\Users\Access\Desktop\amr\ay7aga\ay7aga.cpp(622,47): warning C4244:             T=int
C:\Users\Access\Desktop\amr\ay7aga\ay7aga.cpp(622,47): warning C4244:         ]
C:\Users\Access\Desktop\amr\ay7aga\ay7aga.cpp(637,26): warning C4305: '-=': truncation from 'double' to 'float'
C:\Users\Access\Desktop\amr\ay7aga\ay7aga.cpp(647,27): warning C4305: '-=': truncation from 'double' to 'float'
C:\Users\Access\Desktop\amr\ay7aga\ay7aga.cpp(649,27): warning C4305: '+=': truncation from 'double' to 'float'
ay7aga.obj : error LNK2019: unresolved external symbol "__declspec(dllimport) public: __thiscall sf::String::String(char const *,class std::locale const &)" (__imp_??0String@sf@@QAE@PBDABVlocale@std@@@Z) referenced in function _main
ay7aga.obj : error LNK2019: unresolved external symbol "__declspec(dllimport) public: __thiscall sf::String::String(class std::basic_string<char,struct std::char_traits<char>,class std::allocator<char> > const &,class std::locale const &)" (__imp_??0String@sf@@QAE@ABV?$basic_string@DU?$char_traits@D@std@@V?$allocator@D@2@@std@@ABVlocale@3@@Z) referenced in function _main
ay7aga.obj : error LNK2019: unresolved external symbol "__declspec(dllimport) public: __thiscall sf::String::~String(void)" (__imp_??1String@sf@@QAE@XZ) referenced in function _main
ay7aga.obj : error LNK2019: unresolved external symbol "__declspec(dllimport) public: static bool __cdecl sf::Keyboard::isKeyPressed(enum sf::Keyboard::Key)" (__imp_?isKeyPressed@Keyboard@sf@@SA_NW4Key@12@@Z) referenced in function _main
ay7aga.obj : error LNK2019: unresolved external symbol "__declspec(dllimport) public: __thiscall sf::VideoMode::VideoMode(unsigned int,unsigned int,unsigned int)" (__imp_??0VideoMode@sf@@QAE@III@Z) referenced in function _main
ay7aga.obj : error LNK2019: unresolved external symbol "__declspec(dllimport) public: bool __thiscall sf::WindowBase::isOpen(void)const " (__imp_?isOpen@WindowBase@sf@@QBE_NXZ) referenced in function _main
ay7aga.obj : error LNK2019: unresolved external symbol "__declspec(dllimport) public: bool __thiscall sf::WindowBase::pollEvent(class sf::Event &)" (__imp_?pollEvent@WindowBase@sf@@QAE_NAAVEvent@2@@Z) referenced in function _main
ay7aga.obj : error LNK2019: unresolved external symbol "__declspec(dllimport) public: struct HWND__ * __thiscall sf::WindowBase::getSystemHandle(void)const " (__imp_?getSystemHandle@WindowBase@sf@@QBEPAUHWND__@@XZ) referenced in function _main
ay7aga.obj : error LNK2019: unresolved external symbol "__declspec(dllimport) public: virtual void __thiscall sf::Window::close(void)" (__imp_?close@Window@sf@@UAEXXZ) referenced in function _main
ay7aga.obj : error LNK2019: unresolved external symbol "__declspec(dllimport) public: void __thiscall sf::Window::setFramerateLimit(unsigned int)" (__imp_?setFramerateLimit@Window@sf@@QAEXI@Z) referenced in function _main
ay7aga.obj : error LNK2019: unresolved external symbol "__declspec(dllimport) public: void __thiscall sf::Window::display(void)" (__imp_?display@Window@sf@@QAEXXZ) referenced in function _main
ay7aga.obj : error LNK2019: unresolved external symbol "__declspec(dllimport) public: void __thiscall sf::Transformable::setPosition(float,float)" (__imp_?setPosition@Transformable@sf@@QAEXMM@Z) referenced in function "void __cdecl endless_run(class sf::Sprite * const,class sf::Sprite * const,class sf::Sprite * const,float)" (?endless_run@@YAXQAVSprite@sf@@00M@Z)
ay7aga.obj : error LNK2019: unresolved external symbol "__declspec(dllimport) public: void __thiscall sf::Transformable::setPosition(class sf::Vector2<float> const &)" (__imp_?setPosition@Transformable@sf@@QAEXABV?$Vector2@M@2@@Z) referenced in function _main
ay7aga.obj : error LNK2019: unresolved external symbol "__declspec(dllimport) public: void __thiscall sf::Transformable::setScale(float,float)" (__imp_?setScale@Transformable@sf@@QAEXMM@Z) referenced in function _main
ay7aga.obj : error LNK2019: unresolved external symbol "__declspec(dllimport) public: class sf::Vector2<float> const & __thiscall sf::Transformable::getPosition(void)const " (__imp_?getPosition@Transformable@sf@@QBEABV?$Vector2@M@2@XZ) referenced in function "void __cdecl endless_run(class sf::Sprite * const,class sf::Sprite * const,class sf::Sprite * const,float)" (?endless_run@@YAXQAVSprite@sf@@00M@Z)
ay7aga.obj : error LNK2019: unresolved external symbol "__declspec(dllimport) public: void __thiscall sf::Transformable::move(float,float)" (__imp_?move@Transformable@sf@@QAEXMM@Z) referenced in function "void __cdecl endless_run(class sf::Sprite * const,class sf::Sprite * const,class sf::Sprite * const,float)" (?endless_run@@YAXQAVSprite@sf@@00M@Z)
ay7aga.obj : error LNK2019: unresolved external symbol "__declspec(dllimport) public: __thiscall sf::Color::Color(unsigned char,unsigned char,unsigned char,unsigned char)" (__imp_??0Color@sf@@QAE@EEEE@Z) referenced in function _main
ay7aga.obj : error LNK2019: unresolved external symbol "__declspec(dllimport) public: class sf::Rect<float> __thiscall sf::Shape::getGlobalBounds(void)const " (__imp_?getGlobalBounds@Shape@sf@@QBE?AV?$Rect@M@2@XZ) referenced in function "bool __cdecl is_touching(class sf::RectangleShape,class sf::Sprite)" (?is_touching@@YA_NVRectangleShape@sf@@VSprite@2@@Z)
ay7aga.obj : error LNK2019: unresolved external symbol "__declspec(dllimport) public: __thiscall sf::Texture::Texture(void)" (__imp_??0Texture@sf@@QAE@XZ) referenced in function _main
ay7aga.obj : error LNK2019: unresolved external symbol "__declspec(dllimport) public: __thiscall sf::Texture::~Texture(void)" (__imp_??1Texture@sf@@QAE@XZ) referenced in function _main
ay7aga.obj : error LNK2019: unresolved external symbol "__declspec(dllimport) public: bool __thiscall sf::Texture::loadFromFile(class std::basic_string<char,struct std::char_traits<char>,class std::allocator<char> > const &,class sf::Rect<int> const &)" (__imp_?loadFromFile@Texture@sf@@QAE_NABV?$basic_string@DU?$char_traits@D@std@@V?$allocator@D@2@@std@@ABV?$Rect@H@2@@Z) referenced in function _main
ay7aga.obj : error LNK2019: unresolved external symbol "__declspec(dllimport) public: __thiscall sf::Font::Font(void)" (__imp_??0Font@sf@@QAE@XZ) referenced in function _main
ay7aga.obj : error LNK2019: unresolved external symbol "__declspec(dllimport) public: __thiscall sf::Font::~Font(void)" (__imp_??1Font@sf@@QAE@XZ) referenced in function _main
ay7aga.obj : error LNK2019: unresolved external symbol "__declspec(dllimport) public: bool __thiscall sf::Font::loadFromFile(class std::basic_string<char,struct std::char_traits<char>,class std::allocator<char> > const &)" (__imp_?loadFromFile@Font@sf@@QAE_NABV?$basic_string@DU?$char_traits@D@std@@V?$allocator@D@2@@std@@@Z) referenced in function _main
ay7aga.obj : error LNK2019: unresolved external symbol "__declspec(dllimport) public: __thiscall sf::RectangleShape::RectangleShape(class sf::Vector2<float> const &)" (__imp_??0RectangleShape@sf@@QAE@ABV?$Vector2@M@1@@Z) referenced in function _main
ay7aga.obj : error LNK2019: unresolved external symbol "__declspec(dllimport) public: void __thiscall sf::RectangleShape::setSize(class sf::Vector2<float> const &)" (__imp_?setSize@RectangleShape@sf@@QAEXABV?$Vector2@M@2@@Z) referenced in function _main
ay7aga.obj : error LNK2019: unresolved external symbol "__declspec(dllimport) public: virtual __thiscall sf::RectangleShape::~RectangleShape(void)" (__imp_??1RectangleShape@sf@@UAE@XZ) referenced in function "bool __cdecl is_touching(class sf::RectangleShape,class sf::Sprite)" (?is_touching@@YA_NVRectangleShape@sf@@VSprite@2@@Z)
ay7aga.obj : error LNK2019: unresolved external symbol "__declspec(dllimport) public: __thiscall sf::RectangleShape::RectangleShape(class sf::RectangleShape const &)" (__imp_??0RectangleShape@sf@@QAE@ABV01@@Z) referenced in function _main
ay7aga.obj : error LNK2019: unresolved external symbol "__declspec(dllimport) public: void __thiscall sf::RenderTarget::clear(class sf::Color const &)" (__imp_?clear@RenderTarget@sf@@QAEXABVColor@2@@Z) referenced in function _main
ay7aga.obj : error LNK2019: unresolved external symbol "__declspec(dllimport) public: void __thiscall sf::RenderTarget::draw(class sf::Drawable const &,class sf::RenderStates const &)" (__imp_?draw@RenderTarget@sf@@QAEXABVDrawable@2@ABVRenderStates@2@@Z) referenced in function _main
ay7aga.obj : error LNK2019: unresolved external symbol "__declspec(dllimport) public: __thiscall sf::RenderWindow::RenderWindow(class sf::VideoMode,class sf::String const &,unsigned int,struct sf::ContextSettings const &)" (__imp_??0RenderWindow@sf@@QAE@VVideoMode@1@ABVString@1@IABUContextSettings@1@@Z) referenced in function _main
ay7aga.obj : error LNK2019: unresolved external symbol "__declspec(dllimport) public: virtual __thiscall sf::RenderWindow::~RenderWindow(void)" (__imp_??1RenderWindow@sf@@UAE@XZ) referenced in function _main
ay7aga.obj : error LNK2019: unresolved external symbol "__declspec(dllimport) public: virtual class sf::Vector2<unsigned int> __thiscall sf::RenderWindow::getSize(void)const " (__imp_?getSize@RenderWindow@sf@@UBE?AV?$Vector2@I@2@XZ) referenced in function _main
ay7aga.obj : error LNK2019: unresolved external symbol "__declspec(dllimport) public: __thiscall sf::Sprite::Sprite(void)" (__imp_??0Sprite@sf@@QAE@XZ) referenced in function _main
ay7aga.obj : error LNK2019: unresolved external symbol "__declspec(dllimport) public: void __thiscall sf::Sprite::setTexture(class sf::Texture const &,bool)" (__imp_?setTexture@Sprite@sf@@QAEXABVTexture@2@_N@Z) referenced in function _main
ay7aga.obj : error LNK2019: unresolved external symbol "__declspec(dllimport) public: void __thiscall sf::Sprite::setTextureRect(class sf::Rect<int> const &)" (__imp_?setTextureRect@Sprite@sf@@QAEXABV?$Rect@H@2@@Z) referenced in function _main
ay7aga.obj : error LNK2019: unresolved external symbol "__declspec(dllimport) public: class sf::Rect<float> __thiscall sf::Sprite::getGlobalBounds(void)const " (__imp_?getGlobalBounds@Sprite@sf@@QBE?AV?$Rect@M@2@XZ) referenced in function "void __cdecl endless_run(class sf::Sprite * const,class sf::Sprite * const,class sf::Sprite * const,float)" (?endless_run@@YAXQAVSprite@sf@@00M@Z)
ay7aga.obj : error LNK2019: unresolved external symbol "__declspec(dllimport) public: virtual __thiscall sf::Sprite::~Sprite(void)" (__imp_??1Sprite@sf@@UAE@XZ) referenced in function "bool __cdecl is_touching(class sf::RectangleShape,class sf::Sprite)" (?is_touching@@YA_NVRectangleShape@sf@@VSprite@2@@Z)
ay7aga.obj : error LNK2019: unresolved external symbol "__declspec(dllimport) public: __thiscall sf::Sprite::Sprite(class sf::Sprite const &)" (__imp_??0Sprite@sf@@QAE@ABV01@@Z) referenced in function _main
ay7aga.obj : error LNK2019: unresolved external symbol "__declspec(dllimport) public: __thiscall sf::Text::Text(void)" (__imp_??0Text@sf@@QAE@XZ) referenced in function _main
ay7aga.obj : error LNK2019: unresolved external symbol "__declspec(dllimport) public: void __thiscall sf::Text::setString(class sf::String const &)" (__imp_?setString@Text@sf@@QAEXABVString@2@@Z) referenced in function _main
ay7aga.obj : error LNK2019: unresolved external symbol "__declspec(dllimport) public: void __thiscall sf::Text::setFont(class sf::Font const &)" (__imp_?setFont@Text@sf@@QAEXABVFont@2@@Z) referenced in function _main
ay7aga.obj : error LNK2019: unresolved external symbol "__declspec(dllimport) public: void __thiscall sf::Text::setCharacterSize(unsigned int)" (__imp_?setCharacterSize@Text@sf@@QAEXI@Z) referenced in function _main
ay7aga.obj : error LNK2019: unresolved external symbol "__declspec(dllimport) public: void __thiscall sf::Text::setFillColor(class sf::Color const &)" (__imp_?setFillColor@Text@sf@@QAEXABVColor@2@@Z) referenced in function _main
ay7aga.obj : error LNK2019: unresolved external symbol "__declspec(dllimport) public: virtual __thiscall sf::Text::~Text(void)" (__imp_??1Text@sf@@UAE@XZ) referenced in function _main
ay7aga.obj : error LNK2019: unresolved external symbol "__declspec(dllimport) public: __thiscall sf::Sound::Sound(void)" (__imp_??0Sound@sf@@QAE@XZ) referenced in function _main
ay7aga.obj : error LNK2019: unresolved external symbol "__declspec(dllimport) public: virtual __thiscall sf::Sound::~Sound(void)" (__imp_??1Sound@sf@@UAE@XZ) referenced in function _main
ay7aga.obj : error LNK2019: unresolved external symbol "__declspec(dllimport) public: virtual void __thiscall sf::Sound::play(void)" (__imp_?play@Sound@sf@@UAEXXZ) referenced in function _main
ay7aga.obj : error LNK2019: unresolved external symbol "__declspec(dllimport) public: void __thiscall sf::Sound::setBuffer(class sf::SoundBuffer const &)" (__imp_?setBuffer@Sound@sf@@QAEXABVSoundBuffer@2@@Z) referenced in function _main
ay7aga.obj : error LNK2019: unresolved external symbol "__declspec(dllimport) public: __thiscall sf::SoundBuffer::SoundBuffer(void)" (__imp_??0SoundBuffer@sf@@QAE@XZ) referenced in function _main
ay7aga.obj : error LNK2019: unresolved external symbol "__declspec(dllimport) public: __thiscall sf::SoundBuffer::~SoundBuffer(void)" (__imp_??1SoundBuffer@sf@@QAE@XZ) referenced in function _main
ay7aga.obj : error LNK2019: unresolved external symbol "__declspec(dllimport) public: bool __thiscall sf::SoundBuffer::loadFromFile(class std::basic_string<char,struct std::char_traits<char>,class std::allocator<char> > const &)" (__imp_?loadFromFile@SoundBuffer@sf@@QAE_NABV?$basic_string@DU?$char_traits@D@std@@V?$allocator@D@2@@std@@@Z) referenced in function _main
ay7aga.obj : error LNK2019: unresolved external symbol "__declspec(dllimport) public: static class sf::RenderStates const sf::RenderStates::Default" (__imp_?Default@RenderStates@sf@@2V12@B) referenced in function _main
ay7aga.obj : error LNK2019: unresolved external symbol "__declspec(dllimport) public: static class sf::Color const sf::Color::Black" (__imp_?Black@Color@sf@@2V12@B) referenced in function _main
ay7aga.obj : error LNK2019: unresolved external symbol "__declspec(dllimport) public: static class sf::Color const sf::Color::White" (__imp_?White@Color@sf@@2V12@B) referenced in function _main
ay7aga.obj : error LNK2019: unresolved external symbol "__declspec(dllimport) public: static class sf::Color const sf::Color::Yellow" (__imp_?Yellow@Color@sf@@2V12@B) referenced in function _main
C:\Users\Access\Desktop\amr\ay7aga\lib\sfml-graphics-d.lib : warning LNK4272: library machine type 'x64' conflicts with target machine type 'x86'
C:\Users\Access\Desktop\amr\ay7aga\lib\sfml-window-d.lib : warning LNK4272: library machine type 'x64' conflicts with target machine type 'x86'
C:\Users\Access\Desktop\amr\ay7aga\lib\sfml-system-d.lib : warning LNK4272: library machine type 'x64' conflicts with target machine type 'x86'
C:\Users\Access\Desktop\amr\ay7aga\lib\sfml-audio-d.lib : warning LNK4272: library machine type 'x64' conflicts with target machine type 'x86'
C:\Users\Access\Desktop\amr\ay7aga\Debug\ay7aga.exe : fatal error LNK1120: 56 unresolved externals
